<?xml version="1.0" encoding="UTF-8"?>
<testsuite xmlns:xsi="http://www.w3.org/2001/XMLSchema-instance" xsi:noNamespaceSchemaLocation="https://maven.apache.org/surefire/maven-surefire-plugin/xsd/surefire-test-report.xsd" name="com.search.api.test.NyTimesApiApplicationTests" time="54.626" tests="2" errors="0" skipped="0" failures="0">
  <properties>
[...]
</properties>
  <testcase name="testDetailArticle" classname="com.search.api.test.NyTimesApiApplicationTests" time="4.157"/>
  <testcase name="testlistArticles" classname="com.search.api.test.NyTimesApiApplicationTests" time="0"/>
</testsuite>